 
****************************************
Report : area
Design : topEntity
Version: V-2023.12-SP5
Date   : Tue Apr 22 00:24:59 2025
****************************************

Library(s) Used:

    sc12_base_v31_rvt_soi12s0_ffl_nominal_min_1p10v_125c_mns (File: /afs/eecs.umich.edu/kits/ARM/IBM_soi12s0/sc12_rvt/db/sc12_base_v31_rvt_soi12s0_ffl_nominal_min_1p10v_125c_mns.db)

Number of ports:                           22
Number of nets:                            54
Number of cells:                           38
Number of combinational cells:             34
Number of sequential cells:                 4
Number of macros/black boxes:               0
Number of buf/inv:                          9
Number of references:                      20

Combinational area:                 68.628399
Buf/Inv area:                        5.745600
Noncombinational area:              22.983999
Macro/Black Box area:                0.000000
Net Interconnect area:      undefined  (No wire load specified)

Total cell area:                    91.612398
Total area:                 undefined

Hierarchical area distribution
------------------------------

                                  Global cell area          Local cell area
                                  ------------------  --------------------------- 
Hierarchical cell                 Absolute   Percent  Combi-    Noncombi-  Black-
                                  Total      Total    national  national   boxes   Design
--------------------------------  ---------  -------  --------  ---------  ------  ---------
topEntity                           91.6124    100.0   68.6284    22.9840  0.0000  topEntity
--------------------------------  ---------  -------  --------  ---------  ------  ---------
Total                                                  68.6284    22.9840  0.0000

1
