Loading db file '/afs/eecs.umich.edu/kits/ARM/IBM_soi12s0/sc12_rvt/db/sc12_base_v31_rvt_soi12s0_ffl_nominal_min_1p10v_125c_mns.db'
Information: Propagating switching activity (low effort zero delay simulation). (PWR-6)
Warning: There is no defined clock in the design. (PWR-80)
Warning: Design has unannotated primary inputs. (PWR-414)
Warning: Design has unannotated sequential cell outputs. (PWR-415)
 
****************************************
Report : power
        -hier
        -analysis_effort low
Design : topEntity
Version: V-2023.12-SP5
Date   : Tue Apr 22 00:25:00 2025
****************************************


Library(s) Used:

    sc12_base_v31_rvt_soi12s0_ffl_nominal_min_1p10v_125c_mns (File: /afs/eecs.umich.edu/kits/ARM/IBM_soi12s0/sc12_rvt/db/sc12_base_v31_rvt_soi12s0_ffl_nominal_min_1p10v_125c_mns.db)


Operating Conditions: ffl_nominal_min_1p10v_125c   Library: sc12_base_v31_rvt_soi12s0_ffl_nominal_min_1p10v_125c_mns
Wire Load Model Mode: top


Global Operating Voltage = 1.1  
Power-specific unit information :
    Voltage Units = 1V
    Capacitance Units = 1.000000pf
    Time Units = 1ns
    Dynamic Power Units = 1mW    (derived from V,C,T units)
    Leakage Power Units = 1pW


--------------------------------------------------------------------------------
                                       Switch   Int      Leak     Total
Hierarchy                              Power    Power    Power    Power    %
--------------------------------------------------------------------------------
topEntity                              6.11e-02 2.40e-02 2.99e+08    0.384 100.0
1
