Information: Updating design information... (UID-85)
 
****************************************
Report : timing
        -path full
        -delay max
        -input_pins
        -nets
        -max_paths 100
        -transition_time
Design : topEntity
Version: V-2023.12-SP5
Date   : Tue Apr 22 00:24:59 2025
****************************************

Operating Conditions: ffl_nominal_min_1p10v_125c   Library: sc12_base_v31_rvt_soi12s0_ffl_nominal_min_1p10v_125c_mns
Wire Load Model Mode: top

  Startpoint: c$arg_2 (input port)
  Endpoint: result_0 (output port)
  Path Group: (none)
  Path Type: max

Attributes:
    d - dont_touch
    u - dont_use
   mo - map_only
   so - size_only
    i - ideal_net or ideal_network
  inf - infeasible path

  Point                        Fanout     Trans      Incr       Path      Attributes
  ------------------------------------------------------------------------------------------
  input external delay                               0.00       0.00 r
  c$arg_2 (in)                             0.00      0.00       0.00 r
  c$arg_2 (net)                  4                   0.00       0.00 r
  U69/C (XNOR3_X0P5M_A12TR)                0.00      0.00       0.00 r
  U69/Y (XNOR3_X0P5M_A12TR)                0.02      0.04       0.04 r
  n53 (net)                      3                   0.00       0.04 r
  U57/AN (NAND2B_X0P5M_A12TR)              0.02      0.00       0.04 r
  U57/Y (NAND2B_X0P5M_A12TR)               0.04      0.03       0.07 r
  n43 (net)                      4                   0.00       0.07 r
  U45/B0 (OA21A1OI2_X2M_A12TR)             0.04      0.00       0.07 r
  U45/Y (OA21A1OI2_X2M_A12TR)              0.16      0.09       0.16 f
  result_0 (net)                 1                   0.00       0.16 f
  result_0 (out)                           0.16      0.00       0.16 f
  data arrival time                                             0.16
  ------------------------------------------------------------------------------------------
  (Path is unconstrained)


  Startpoint: c$arg_2 (input port)
  Endpoint: result_3 (output port)
  Path Group: (none)
  Path Type: max

Attributes:
    d - dont_touch
    u - dont_use
   mo - map_only
   so - size_only
    i - ideal_net or ideal_network
  inf - infeasible path

  Point                        Fanout     Trans      Incr       Path      Attributes
  ------------------------------------------------------------------------------------------
  input external delay                               0.00       0.00 r
  c$arg_2 (in)                             0.00      0.00       0.00 r
  c$arg_2 (net)                  4                   0.00       0.00 r
  U69/C (XNOR3_X0P5M_A12TR)                0.00      0.00       0.00 r
  U69/Y (XNOR3_X0P5M_A12TR)                0.02      0.04       0.04 r
  n53 (net)                      3                   0.00       0.04 r
  U57/AN (NAND2B_X0P5M_A12TR)              0.02      0.00       0.04 r
  U57/Y (NAND2B_X0P5M_A12TR)               0.04      0.03       0.07 r
  n43 (net)                      4                   0.00       0.07 r
  U48/B0 (OA21A1OI2_X2M_A12TR)             0.04      0.00       0.07 r
  U48/Y (OA21A1OI2_X2M_A12TR)              0.16      0.09       0.16 f
  result_3 (net)                 1                   0.00       0.16 f
  result_3 (out)                           0.16      0.00       0.16 f
  data arrival time                                             0.16
  ------------------------------------------------------------------------------------------
  (Path is unconstrained)


  Startpoint: c$arg_2 (input port)
  Endpoint: result_4 (output port)
  Path Group: (none)
  Path Type: max

Attributes:
    d - dont_touch
    u - dont_use
   mo - map_only
   so - size_only
    i - ideal_net or ideal_network
  inf - infeasible path

  Point                        Fanout     Trans      Incr       Path      Attributes
  ------------------------------------------------------------------------------------------
  input external delay                               0.00       0.00 r
  c$arg_2 (in)                             0.00      0.00       0.00 r
  c$arg_2 (net)                  4                   0.00       0.00 r
  U69/C (XNOR3_X0P5M_A12TR)                0.00      0.00       0.00 r
  U69/Y (XNOR3_X0P5M_A12TR)                0.02      0.04       0.04 r
  n53 (net)                      3                   0.00       0.04 r
  U68/B0 (OAI21_X0P5M_A12TR)               0.02      0.00       0.04 r
  U68/Y (OAI21_X0P5M_A12TR)                0.02      0.01       0.05 f
  n40 (net)                      3                   0.00       0.05 f
  U44/A (INV_X1M_A12TR)                    0.02      0.00       0.05 f
  U44/Y (INV_X1M_A12TR)                    0.17      0.09       0.15 r
  result_4 (net)                 1                   0.00       0.15 r
  result_4 (out)                           0.17      0.00       0.15 r
  data arrival time                                             0.15
  ------------------------------------------------------------------------------------------
  (Path is unconstrained)


  Startpoint: c$arg_2 (input port)
  Endpoint: result_1 (output port)
  Path Group: (none)
  Path Type: max

Attributes:
    d - dont_touch
    u - dont_use
   mo - map_only
   so - size_only
    i - ideal_net or ideal_network
  inf - infeasible path

  Point                        Fanout     Trans      Incr       Path      Attributes
  ------------------------------------------------------------------------------------------
  input external delay                               0.00       0.00 f
  c$arg_2 (in)                             0.00      0.00       0.00 f
  c$arg_2 (net)                  4                   0.00       0.00 f
  U69/C (XNOR3_X0P5M_A12TR)                0.00      0.00       0.00 f
  U69/Y (XNOR3_X0P5M_A12TR)                0.02      0.04       0.04 f
  n53 (net)                      3                   0.00       0.04 f
  U59/C (NAND3B_X0P5M_A12TR)               0.02      0.00       0.04 f
  U59/Y (NAND3B_X0P5M_A12TR)               0.02      0.02       0.05 r
  n50 (net)                      2                   0.00       0.05 r
  U55/A (INV_X0P5B_A12TR)                  0.02      0.00       0.05 r
  U55/Y (INV_X0P5B_A12TR)                  0.02      0.01       0.06 f
  n45 (net)                      3                   0.00       0.06 f
  U53/B0 (OAI211_X0P5M_A12TR)              0.02      0.00       0.06 f
  U53/Y (OAI211_X0P5M_A12TR)               0.02      0.01       0.07 r
  n48 (net)                      1                   0.00       0.07 r
  U41/A0 (AOI21B_X2M_A12TR)                0.02      0.00       0.07 r
  U41/Y (AOI21B_X2M_A12TR)                 0.13      0.07       0.14 f
  result_1 (net)                 1                   0.00       0.14 f
  result_1 (out)                           0.13      0.00       0.14 f
  data arrival time                                             0.14
  ------------------------------------------------------------------------------------------
  (Path is unconstrained)


  Startpoint: c$arg_2 (input port)
  Endpoint: result_2 (output port)
  Path Group: (none)
  Path Type: max

Attributes:
    d - dont_touch
    u - dont_use
   mo - map_only
   so - size_only
    i - ideal_net or ideal_network
  inf - infeasible path

  Point                        Fanout     Trans      Incr       Path      Attributes
  ------------------------------------------------------------------------------------------
  input external delay                               0.00       0.00 r
  c$arg_2 (in)                             0.00      0.00       0.00 r
  c$arg_2 (net)                  4                   0.00       0.00 r
  U69/C (XNOR3_X0P5M_A12TR)                0.00      0.00       0.00 r
  U69/Y (XNOR3_X0P5M_A12TR)                0.02      0.04       0.04 r
  n53 (net)                      3                   0.00       0.04 r
  U59/C (NAND3B_X0P5M_A12TR)               0.02      0.00       0.04 r
  U59/Y (NAND3B_X0P5M_A12TR)               0.02      0.01       0.05 f
  n50 (net)                      2                   0.00       0.05 f
  U55/A (INV_X0P5B_A12TR)                  0.02      0.00       0.05 f
  U55/Y (INV_X0P5B_A12TR)                  0.02      0.01       0.06 r
  n45 (net)                      3                   0.00       0.06 r
  U43/B0 (OAI211_X1M_A12TR)                0.02      0.00       0.06 r
  U43/Y (OAI211_X1M_A12TR)                 0.02      0.01       0.07 f
  n46 (net)                      1                   0.00       0.07 f
  U42/A1 (AOI21B_X2M_A12TR)                0.02      0.00       0.07 f
  U42/Y (AOI21B_X2M_A12TR)                 0.13      0.07       0.14 r
  result_2 (net)                 1                   0.00       0.14 r
  result_2 (out)                           0.13      0.00       0.14 r
  data arrival time                                             0.14
  ------------------------------------------------------------------------------------------
  (Path is unconstrained)


  Startpoint: c$arg_2 (input port)
  Endpoint: result_5 (output port)
  Path Group: (none)
  Path Type: max

Attributes:
    d - dont_touch
    u - dont_use
   mo - map_only
   so - size_only
    i - ideal_net or ideal_network
  inf - infeasible path

  Point                        Fanout     Trans      Incr       Path      Attributes
  ------------------------------------------------------------------------------------------
  input external delay                               0.00       0.00 r
  c$arg_2 (in)                             0.00      0.00       0.00 r
  c$arg_2 (net)                  4                   0.00       0.00 r
  U69/C (XNOR3_X0P5M_A12TR)                0.00      0.00       0.00 r
  U69/Y (XNOR3_X0P5M_A12TR)                0.02      0.04       0.04 r
  n53 (net)                      3                   0.00       0.04 r
  U68/B0 (OAI21_X0P5M_A12TR)               0.02      0.00       0.04 r
  U68/Y (OAI21_X0P5M_A12TR)                0.02      0.01       0.05 f
  n40 (net)                      3                   0.00       0.05 f
  U47/C (NAND3_X1M_A12TR)                  0.02      0.00       0.05 f
  U47/Y (NAND3_X1M_A12TR)                  0.02      0.01       0.06 r
  n35 (net)                      1                   0.00       0.06 r
  U46/A (NOR3_X2M_A12TR)                   0.02      0.00       0.06 r
  U46/Y (NOR3_X2M_A12TR)                   0.13      0.07       0.13 f
  result_5 (net)                 1                   0.00       0.13 f
  result_5 (out)                           0.13      0.00       0.13 f
  data arrival time                                             0.13
  ------------------------------------------------------------------------------------------
  (Path is unconstrained)


1
